This file contains any messages produced by compilers while
running configure, to aid debugging if configure makes a mistake.

It was created by libmill configure 1.18, which was
generated by GNU Autoconf 2.69.  Invocation command line was

  $ ./configure 

## --------- ##
## Platform. ##
## --------- ##

hostname = PurelightmeMBP.lan
uname -m = x86_64
uname -r = 19.3.0
uname -s = Darwin
uname -v = Darwin Kernel Version 19.3.0: Thu Jan  9 20:58:23 PST 2020; root:xnu-6153.81.5~1/RELEASE_X86_64

/usr/bin/uname -p = i386
/bin/uname -X     = unknown

/bin/arch              = unknown
/usr/bin/arch -k       = unknown
/usr/convex/getsysinfo = unknown
/usr/bin/hostinfo      = Mach kernel version:
	 Darwin Kernel Version 19.3.0: Thu Jan  9 20:58:23 PST 2020; root:xnu-6153.81.5~1/RELEASE_X86_64
Kernel configured for up to 8 processors.
4 processors are physically available.
8 processors are logically available.
Processor type: x86_64h (Intel x86-64h Haswell)
Processors active: 0 1 2 3 4 5 6 7
Primary memory available: 16.00 gigabytes
Default processor set: 477 tasks, 2781 threads, 8 processors
Load average: 3.39, Mach factor: 4.66
/bin/machine           = unknown
/usr/bin/oslevel       = unknown
/bin/universe          = unknown

PATH: /usr/local/opt/ruby@2.6/bin
PATH: /usr/local/Cellar/maven/3.6.1/bin
PATH: /usr/local/nginx/sbin
PATH: /Users/purelightme/Library/Android/sdk/platform-tools/
PATH: /Users/purelightme/Desktop/flutter/flutter/bin
PATH: /usr/local/bin
PATH: /usr/bin
PATH: /bin
PATH: /usr/sbin
PATH: /sbin
PATH: /Library/Apple/usr/bin
PATH: /Applications/Wireshark.app/Contents/MacOS
PATH: /Users/purelightme/Library/Android/sdk/tools
PATH: /Users/purelightme/Library/Android/sdk/platform-tools
PATH: /usr/local/opt/go/libexec/bin
PATH: /Users/purelightme/Desktop/gopath/bin
PATH: /usr/local/Cellar/percona-toolkit/3.0.1/bin


## ----------- ##
## Core tests. ##
## ----------- ##

configure:2171: checking for a BSD-compatible install
configure:2239: result: /usr/bin/install -c
configure:2250: checking whether build environment is sane
configure:2305: result: yes
configure:2456: checking for a thread-safe mkdir -p
configure:2495: result: ./install-sh -c -d
configure:2502: checking for gawk
configure:2532: result: no
configure:2502: checking for mawk
configure:2532: result: no
configure:2502: checking for nawk
configure:2532: result: no
configure:2502: checking for awk
configure:2518: found /usr/bin/awk
configure:2529: result: awk
configure:2540: checking whether make sets $(MAKE)
configure:2562: result: yes
configure:2591: checking whether make supports nested variables
configure:2608: result: yes
configure:2697: checking whether UID '502' is supported by ustar format
configure:2700: result: yes
configure:2707: checking whether GID '20' is supported by ustar format
configure:2710: result: yes
configure:2718: checking how to create a ustar tar archive
configure:2729: tar --version
bsdtar 3.3.2 - libarchive 3.3.2 zlib/1.2.11 liblzma/5.0.5 bz2lib/1.0.6
configure:2732: $? = 0
configure:2772: tardir=conftest.dir && eval tar --format=ustar -chf - "$tardir" >conftest.tar
configure:2775: $? = 0
configure:2779: tar -xf - <conftest.tar
configure:2782: $? = 0
configure:2784: cat conftest.dir/file
GrepMe
configure:2787: $? = 0
configure:2800: result: gnutar
configure:2860: checking whether make supports nested variables
configure:2877: result: yes
configure:2893: checking build system type
configure:2907: result: x86_64-apple-darwin19.3.0
configure:2927: checking host system type
configure:2940: result: x86_64-apple-darwin19.3.0
configure:2965: checking for a sed that does not truncate output
configure:3029: result: /usr/bin/sed
configure:3038: checking for gawk
configure:3065: result: awk
configure:3085: Mill package version: 1.18
configure:3087: Mill ABI version: 19.1.1
configure:3106: checking for style of include used by make
configure:3134: result: GNU
configure:3205: checking for gcc
configure:3221: found /usr/bin/gcc
configure:3232: result: gcc
configure:3461: checking for C compiler version
configure:3470: gcc --version >&5
Apple clang version 11.0.3 (clang-1103.0.32.29)
Target: x86_64-apple-darwin19.3.0
Thread model: posix
InstalledDir: /Applications/Xcode.app/Contents/Developer/Toolchains/XcodeDefault.xctoolchain/usr/bin
Configured with: --prefix=/Applications/Xcode.app/Contents/Developer/usr --with-gxx-include-dir=/Applications/Xcode.app/Contents/Developer/Platforms/MacOSX.platform/Developer/SDKs/MacOSX.sdk/usr/include/c++/4.2.1
configure:3481: $? = 0
configure:3470: gcc -v >&5
Configured with: --prefix=/Applications/Xcode.app/Contents/Developer/usr --with-gxx-include-dir=/Applications/Xcode.app/Contents/Developer/Platforms/MacOSX.platform/Developer/SDKs/MacOSX.sdk/usr/include/c++/4.2.1
Apple clang version 11.0.3 (clang-1103.0.32.29)
Target: x86_64-apple-darwin19.3.0
Thread model: posix
InstalledDir: /Applications/Xcode.app/Contents/Developer/Toolchains/XcodeDefault.xctoolchain/usr/bin
configure:3481: $? = 0
configure:3470: gcc -V >&5
clang: error: unsupported option '-V -Wno-objc-signed-char-bool-implicit-int-conversion'
clang: error: no input files
configure:3481: $? = 1
configure:3470: gcc -qversion >&5
clang: error: unknown argument '-qversion'; did you mean '--version'?
clang: error: no input files
configure:3481: $? = 1
configure:3501: checking whether the C compiler works
configure:3523: gcc    conftest.c  >&5
configure:3527: $? = 0
configure:3575: result: yes
configure:3578: checking for C compiler default output file name
configure:3580: result: a.out
configure:3586: checking for suffix of executables
configure:3593: gcc -o conftest    conftest.c  >&5
configure:3597: $? = 0
configure:3619: result: 
configure:3641: checking whether we are cross compiling
configure:3649: gcc -o conftest    conftest.c  >&5
configure:3653: $? = 0
configure:3660: ./conftest
configure:3664: $? = 0
configure:3679: result: no
configure:3684: checking for suffix of object files
configure:3706: gcc -c   conftest.c >&5
configure:3710: $? = 0
configure:3731: result: o
configure:3735: checking whether we are using the GNU C compiler
configure:3754: gcc -c   conftest.c >&5
configure:3754: $? = 0
configure:3763: result: yes
configure:3772: checking whether gcc accepts -g
configure:3792: gcc -c -g  conftest.c >&5
configure:3792: $? = 0
configure:3833: result: yes
configure:3850: checking for gcc option to accept ISO C89
configure:3913: gcc  -c -g -O2  conftest.c >&5
configure:3913: $? = 0
configure:3926: result: none needed
configure:3951: checking whether gcc understands -c and -o together
configure:3973: gcc -c conftest.c -o conftest2.o
configure:3976: $? = 0
configure:3973: gcc -c conftest.c -o conftest2.o
configure:3976: $? = 0
configure:3988: result: yes
configure:4007: checking dependency style of gcc
configure:4118: result: gcc3
configure:4133: checking for gcc option to accept ISO C99
configure:4282: gcc  -c -g -O2  conftest.c >&5
configure:4282: $? = 0
configure:4295: result: none needed
configure:4456: checking for posix_memalign
configure:4456: gcc -o conftest -g -O2   conftest.c  >&5
configure:4456: $? = 0
configure:4456: result: yes
configure:4462: checking for mprotect
configure:4462: gcc -o conftest -g -O2   conftest.c  >&5
configure:4462: $? = 0
configure:4462: result: yes
configure:4468: checking for clock_gettime in -lrt
configure:4493: gcc -o conftest -g -O2   conftest.c -lrt   >&5
ld: library not found for -lrt
clang: error: linker command failed with exit code 1 (use -v to see invocation)
configure:4493: $? = 1
configure: failed program was:
| /* confdefs.h */
| #define PACKAGE_NAME "libmill"
| #define PACKAGE_TARNAME "libmill"
| #define PACKAGE_VERSION "1.18"
| #define PACKAGE_STRING "libmill 1.18"
| #define PACKAGE_BUGREPORT "libmill@freelists.org"
| #define PACKAGE_URL "http://libmill.org/"
| #define PACKAGE "libmill"
| #define VERSION "1.18"
| #define HAVE_POSIX_MEMALIGN 1
| #define HAVE_MPROTECT 1
| /* end confdefs.h.  */
| 
| /* Override any GCC internal prototype to avoid an error.
|    Use char because int might match the return type of a GCC
|    builtin and then its argument prototype would still apply.  */
| #ifdef __cplusplus
| extern "C"
| #endif
| char clock_gettime ();
| int
| main ()
| {
| return clock_gettime ();
|   ;
|   return 0;
| }
configure:4502: result: no
configure:4515: checking for clock_gettime
configure:4515: gcc -o conftest -g -O2   conftest.c  >&5
configure:4515: $? = 0
configure:4515: result: yes
configure:4524: checking for socket in -lsocket
configure:4549: gcc -o conftest -g -O2   conftest.c -lsocket   >&5
ld: library not found for -lsocket
clang: error: linker command failed with exit code 1 (use -v to see invocation)
configure:4549: $? = 1
configure: failed program was:
| /* confdefs.h */
| #define PACKAGE_NAME "libmill"
| #define PACKAGE_TARNAME "libmill"
| #define PACKAGE_VERSION "1.18"
| #define PACKAGE_STRING "libmill 1.18"
| #define PACKAGE_BUGREPORT "libmill@freelists.org"
| #define PACKAGE_URL "http://libmill.org/"
| #define PACKAGE "libmill"
| #define VERSION "1.18"
| #define HAVE_POSIX_MEMALIGN 1
| #define HAVE_MPROTECT 1
| #define HAVE_CLOCK_GETTIME 1
| /* end confdefs.h.  */
| 
| /* Override any GCC internal prototype to avoid an error.
|    Use char because int might match the return type of a GCC
|    builtin and then its argument prototype would still apply.  */
| #ifdef __cplusplus
| extern "C"
| #endif
| char socket ();
| int
| main ()
| {
| return socket ();
|   ;
|   return 0;
| }
configure:4558: result: no
configure:4571: checking for epoll_create
configure:4571: gcc -o conftest -g -O2   conftest.c  >&5
Undefined symbols for architecture x86_64:
  "_epoll_create", referenced from:
      _main in conftest-2eeead.o
ld: symbol(s) not found for architecture x86_64
clang: error: linker command failed with exit code 1 (use -v to see invocation)
configure:4571: $? = 1
configure: failed program was:
| /* confdefs.h */
| #define PACKAGE_NAME "libmill"
| #define PACKAGE_TARNAME "libmill"
| #define PACKAGE_VERSION "1.18"
| #define PACKAGE_STRING "libmill 1.18"
| #define PACKAGE_BUGREPORT "libmill@freelists.org"
| #define PACKAGE_URL "http://libmill.org/"
| #define PACKAGE "libmill"
| #define VERSION "1.18"
| #define HAVE_POSIX_MEMALIGN 1
| #define HAVE_MPROTECT 1
| #define HAVE_CLOCK_GETTIME 1
| /* end confdefs.h.  */
| /* Define epoll_create to an innocuous variant, in case <limits.h> declares epoll_create.
|    For example, HP-UX 11i <limits.h> declares gettimeofday.  */
| #define epoll_create innocuous_epoll_create
| 
| /* System header to define __stub macros and hopefully few prototypes,
|     which can conflict with char epoll_create (); below.
|     Prefer <limits.h> to <assert.h> if __STDC__ is defined, since
|     <limits.h> exists even on freestanding compilers.  */
| 
| #ifdef __STDC__
| # include <limits.h>
| #else
| # include <assert.h>
| #endif
| 
| #undef epoll_create
| 
| /* Override any GCC internal prototype to avoid an error.
|    Use char because int might match the return type of a GCC
|    builtin and then its argument prototype would still apply.  */
| #ifdef __cplusplus
| extern "C"
| #endif
| char epoll_create ();
| /* The GNU C library defines this for functions which it implements
|     to always fail with ENOSYS.  Some functions are actually named
|     something starting with __ and the normal name is an alias.  */
| #if defined __stub_epoll_create || defined __stub___epoll_create
| choke me
| #endif
| 
| int
| main ()
| {
| return epoll_create ();
|   ;
|   return 0;
| }
configure:4571: result: no
configure:4585: checking for kqueue
configure:4585: gcc -o conftest -g -O2   conftest.c  >&5
configure:4585: $? = 0
configure:4585: result: yes
configure:4648: checking how to print strings
configure:4675: result: printf
configure:4696: checking for a sed that does not truncate output
configure:4760: result: /usr/bin/sed
configure:4778: checking for grep that handles long lines and -e
configure:4836: result: /usr/bin/grep
configure:4841: checking for egrep
configure:4903: result: /usr/bin/grep -E
configure:4908: checking for fgrep
configure:4970: result: /usr/bin/grep -F
configure:5005: checking for ld used by gcc
configure:5072: result: /Applications/Xcode.app/Contents/Developer/Toolchains/XcodeDefault.xctoolchain/usr/bin/ld
configure:5079: checking if the linker (/Applications/Xcode.app/Contents/Developer/Toolchains/XcodeDefault.xctoolchain/usr/bin/ld) is GNU ld
configure:5094: result: no
configure:5106: checking for BSD- or MS-compatible name lister (nm)
configure:5155: result: /usr/bin/nm -B
configure:5285: checking the name lister (/usr/bin/nm -B) interface
configure:5292: gcc -c -g -O2  conftest.c >&5
configure:5295: /usr/bin/nm -B "conftest.o"
configure:5298: output
00000000000001e4 S _some_variable
configure:5305: result: BSD nm
configure:5308: checking whether ln -s works
configure:5312: result: yes
configure:5320: checking the maximum length of command line arguments
configure:5451: result: 196608
configure:5468: checking whether the shell understands some XSI constructs
configure:5478: result: yes
configure:5482: checking whether the shell understands "+="
configure:5488: result: yes
configure:5523: checking how to convert x86_64-apple-darwin19.3.0 file names to x86_64-apple-darwin19.3.0 format
configure:5563: result: func_convert_file_noop
configure:5570: checking how to convert x86_64-apple-darwin19.3.0 file names to toolchain format
configure:5590: result: func_convert_file_noop
configure:5597: checking for /Applications/Xcode.app/Contents/Developer/Toolchains/XcodeDefault.xctoolchain/usr/bin/ld option to reload object files
configure:5604: result: -r
configure:5678: checking for objdump
configure:5694: found /usr/bin/objdump
configure:5705: result: objdump
configure:5737: checking how to recognize dependent libraries
configure:5935: result: pass_all
configure:6020: checking for dlltool
configure:6050: result: no
configure:6080: checking how to associate runtime and link libraries
configure:6107: result: printf %s\n
configure:6167: checking for ar
configure:6183: found /usr/bin/ar
configure:6194: result: ar
configure:6231: checking for archiver @FILE support
configure:6248: gcc -c -g -O2  conftest.c >&5
configure:6248: $? = 0
configure:6251: ar cru libconftest.a @conftest.lst >&5
ar: @conftest.lst: No such file or directory
configure:6254: $? = 1
configure:6274: result: no
configure:6332: checking for strip
configure:6348: found /usr/bin/strip
configure:6359: result: strip
configure:6431: checking for ranlib
configure:6447: found /usr/bin/ranlib
configure:6458: result: ranlib
configure:6560: checking command to parse /usr/bin/nm -B output from gcc object
configure:6680: gcc -c -g -O2  conftest.c >&5
configure:6683: $? = 0
configure:6687: /usr/bin/nm -B conftest.o \| sed -n -e 's/^.*[ ]\([BCDEGRST][BCDEGRST]*\)[ ][ ]*\([_A-Za-z][_A-Za-z0-9]*\)$/\1 \2 \2/p' | sed '/ __gnu_lto/d' \> conftest.nm
configure:6690: $? = 0
cannot find nm_test_var in conftest.nm
configure:6680: gcc -c -g -O2  conftest.c >&5
configure:6683: $? = 0
configure:6687: /usr/bin/nm -B conftest.o \| sed -n -e 's/^.*[ ]\([BCDEGRST][BCDEGRST]*\)[ ][ ]*_\([_A-Za-z][_A-Za-z0-9]*\)$/\1 _\2 \2/p' | sed '/ __gnu_lto/d' \> conftest.nm
configure:6690: $? = 0
configure:6756: gcc -o conftest -g -O2   conftest.c conftstm.o >&5
warning: (x86_64)  could not find object file symbol for symbol _main
configure:6759: $? = 0
configure:6797: result: ok
configure:6834: checking for sysroot
configure:6864: result: no
configure:7133: checking for mt
configure:7163: result: no
configure:7183: checking if : is a manifest tool
configure:7189: : '-?'
configure:7197: result: no
configure:7253: checking for dsymutil
configure:7269: found /usr/bin/dsymutil
configure:7280: result: dsymutil
configure:7345: checking for nmedit
configure:7361: found /usr/bin/nmedit
configure:7372: result: nmedit
configure:7437: checking for lipo
configure:7453: found /usr/bin/lipo
configure:7464: result: lipo
configure:7529: checking for otool
configure:7545: found /usr/bin/otool
configure:7556: result: otool
configure:7621: checking for otool64
configure:7651: result: no
configure:7696: checking for -single_module linker flag
gcc -g -O2  -o libconftest.dylib -dynamiclib -Wl,-single_module conftest.c
configure:7729: result: yes
configure:7732: checking for -exported_symbols_list linker flag
configure:7752: gcc -o conftest -g -O2   -Wl,-exported_symbols_list,conftest.sym conftest.c  >&5
configure:7752: $? = 0
configure:7762: result: yes
configure:7765: checking for -force_load linker flag
gcc -g -O2 -c -o conftest.o conftest.c
ar cru libconftest.a conftest.o
ranlib libconftest.a
gcc -g -O2  -o conftest conftest.c -Wl,-force_load,./libconftest.a
configure:7797: result: yes
configure:7839: checking how to run the C preprocessor
configure:7870: gcc -E  conftest.c
configure:7870: $? = 0
configure:7884: gcc -E  conftest.c
conftest.c:16:10: fatal error: 'ac_nonexistent.h' file not found
#include <ac_nonexistent.h>
         ^~~~~~~~~~~~~~~~~~
1 error generated.
configure:7884: $? = 1
configure: failed program was:
| /* confdefs.h */
| #define PACKAGE_NAME "libmill"
| #define PACKAGE_TARNAME "libmill"
| #define PACKAGE_VERSION "1.18"
| #define PACKAGE_STRING "libmill 1.18"
| #define PACKAGE_BUGREPORT "libmill@freelists.org"
| #define PACKAGE_URL "http://libmill.org/"
| #define PACKAGE "libmill"
| #define VERSION "1.18"
| #define HAVE_POSIX_MEMALIGN 1
| #define HAVE_MPROTECT 1
| #define HAVE_CLOCK_GETTIME 1
| #define MILL_NO_EPOLL 1
| #define HAVE_KQUEUE 1
| /* end confdefs.h.  */
| #include <ac_nonexistent.h>
configure:7909: result: gcc -E
configure:7929: gcc -E  conftest.c
configure:7929: $? = 0
configure:7943: gcc -E  conftest.c
conftest.c:16:10: fatal error: 'ac_nonexistent.h' file not found
#include <ac_nonexistent.h>
         ^~~~~~~~~~~~~~~~~~
1 error generated.
configure:7943: $? = 1
configure: failed program was:
| /* confdefs.h */
| #define PACKAGE_NAME "libmill"
| #define PACKAGE_TARNAME "libmill"
| #define PACKAGE_VERSION "1.18"
| #define PACKAGE_STRING "libmill 1.18"
| #define PACKAGE_BUGREPORT "libmill@freelists.org"
| #define PACKAGE_URL "http://libmill.org/"
| #define PACKAGE "libmill"
| #define VERSION "1.18"
| #define HAVE_POSIX_MEMALIGN 1
| #define HAVE_MPROTECT 1
| #define HAVE_CLOCK_GETTIME 1
| #define MILL_NO_EPOLL 1
| #define HAVE_KQUEUE 1
| /* end confdefs.h.  */
| #include <ac_nonexistent.h>
configure:7972: checking for ANSI C header files
configure:7992: gcc -c -g -O2  conftest.c >&5
configure:7992: $? = 0
configure:8065: gcc -o conftest -g -O2   conftest.c  >&5
configure:8065: $? = 0
configure:8065: ./conftest
configure:8065: $? = 0
configure:8076: result: yes
configure:8089: checking for sys/types.h
configure:8089: gcc -c -g -O2  conftest.c >&5
configure:8089: $? = 0
configure:8089: result: yes
configure:8089: checking for sys/stat.h
configure:8089: gcc -c -g -O2  conftest.c >&5
configure:8089: $? = 0
configure:8089: result: yes
configure:8089: checking for stdlib.h
configure:8089: gcc -c -g -O2  conftest.c >&5
configure:8089: $? = 0
configure:8089: result: yes
configure:8089: checking for string.h
configure:8089: gcc -c -g -O2  conftest.c >&5
configure:8089: $? = 0
configure:8089: result: yes
configure:8089: checking for memory.h
configure:8089: gcc -c -g -O2  conftest.c >&5
configure:8089: $? = 0
configure:8089: result: yes
configure:8089: checking for strings.h
configure:8089: gcc -c -g -O2  conftest.c >&5
configure:8089: $? = 0
configure:8089: result: yes
configure:8089: checking for inttypes.h
configure:8089: gcc -c -g -O2  conftest.c >&5
configure:8089: $? = 0
configure:8089: result: yes
configure:8089: checking for stdint.h
configure:8089: gcc -c -g -O2  conftest.c >&5
configure:8089: $? = 0
configure:8089: result: yes
configure:8089: checking for unistd.h
configure:8089: gcc -c -g -O2  conftest.c >&5
configure:8089: $? = 0
configure:8089: result: yes
configure:8103: checking for dlfcn.h
configure:8103: gcc -c -g -O2  conftest.c >&5
configure:8103: $? = 0
configure:8103: result: yes
configure:8309: checking for objdir
configure:8324: result: .libs
configure:8595: checking if gcc supports -fno-rtti -fno-exceptions
configure:8613: gcc -c -g -O2  -fno-rtti -fno-exceptions conftest.c >&5
configure:8617: $? = 0
configure:8630: result: yes
configure:8957: checking for gcc option to produce PIC
configure:8964: result: -fno-common -DPIC
configure:8972: checking if gcc PIC flag -fno-common -DPIC works
configure:8990: gcc -c -g -O2  -fno-common -DPIC -DPIC conftest.c >&5
configure:8994: $? = 0
configure:9007: result: yes
configure:9036: checking if gcc static flag -static works
configure:9064: result: no
configure:9079: checking if gcc supports -c -o file.o
configure:9100: gcc -c -g -O2  -o out/conftest2.o conftest.c >&5
configure:9104: $? = 0
configure:9126: result: yes
configure:9134: checking if gcc supports -c -o file.o
configure:9181: result: yes
configure:9214: checking whether the gcc linker (/Applications/Xcode.app/Contents/Developer/Toolchains/XcodeDefault.xctoolchain/usr/bin/ld) supports shared libraries
configure:10371: result: yes
configure:10611: checking dynamic linker characteristics
configure:11345: result: darwin19.3.0 dyld
configure:11452: checking how to hardcode library paths into programs
configure:11477: result: immediate
configure:12017: checking whether stripping libraries is possible
configure:12031: result: yes
configure:12057: checking if libtool supports shared libraries
configure:12059: result: yes
configure:12062: checking whether to build shared libraries
configure:12083: result: yes
configure:12086: checking whether to build static libraries
configure:12090: result: yes
configure:12281: checking that generated files are newer than configure
configure:12287: result: done
configure:12310: creating ./config.status

## ---------------------- ##
## Running config.status. ##
## ---------------------- ##

This file was extended by libmill config.status 1.18, which was
generated by GNU Autoconf 2.69.  Invocation command line was

  CONFIG_FILES    = 
  CONFIG_HEADERS  = 
  CONFIG_LINKS    = 
  CONFIG_COMMANDS = 
  $ ./config.status 

on PurelightmeMBP.lan

config.status:1005: creating Makefile
config.status:1005: creating libmill.pc
config.status:1177: executing depfiles commands
config.status:1177: executing libtool commands

## ---------------- ##
## Cache variables. ##
## ---------------- ##

ac_cv_build=x86_64-apple-darwin19.3.0
ac_cv_c_compiler_gnu=yes
ac_cv_env_CC_set=
ac_cv_env_CC_value=
ac_cv_env_CFLAGS_set=
ac_cv_env_CFLAGS_value=
ac_cv_env_CPPFLAGS_set=
ac_cv_env_CPPFLAGS_value=
ac_cv_env_CPP_set=
ac_cv_env_CPP_value=
ac_cv_env_LDFLAGS_set=
ac_cv_env_LDFLAGS_value=
ac_cv_env_LIBS_set=
ac_cv_env_LIBS_value=
ac_cv_env_build_alias_set=
ac_cv_env_build_alias_value=
ac_cv_env_host_alias_set=
ac_cv_env_host_alias_value=
ac_cv_env_target_alias_set=
ac_cv_env_target_alias_value=
ac_cv_func_clock_gettime=yes
ac_cv_func_epoll_create=no
ac_cv_func_kqueue=yes
ac_cv_func_mprotect=yes
ac_cv_func_posix_memalign=yes
ac_cv_header_dlfcn_h=yes
ac_cv_header_inttypes_h=yes
ac_cv_header_memory_h=yes
ac_cv_header_stdc=yes
ac_cv_header_stdint_h=yes
ac_cv_header_stdlib_h=yes
ac_cv_header_string_h=yes
ac_cv_header_strings_h=yes
ac_cv_header_sys_stat_h=yes
ac_cv_header_sys_types_h=yes
ac_cv_header_unistd_h=yes
ac_cv_host=x86_64-apple-darwin19.3.0
ac_cv_lib_rt_clock_gettime=no
ac_cv_lib_socket_socket=no
ac_cv_objext=o
ac_cv_path_EGREP='/usr/bin/grep -E'
ac_cv_path_FGREP='/usr/bin/grep -F'
ac_cv_path_GREP=/usr/bin/grep
ac_cv_path_SED=/usr/bin/sed
ac_cv_path_install='/usr/bin/install -c'
ac_cv_prog_AWK=awk
ac_cv_prog_CPP='gcc -E'
ac_cv_prog_ac_ct_AR=ar
ac_cv_prog_ac_ct_CC=gcc
ac_cv_prog_ac_ct_DSYMUTIL=dsymutil
ac_cv_prog_ac_ct_LIPO=lipo
ac_cv_prog_ac_ct_NMEDIT=nmedit
ac_cv_prog_ac_ct_OBJDUMP=objdump
ac_cv_prog_ac_ct_OTOOL=otool
ac_cv_prog_ac_ct_RANLIB=ranlib
ac_cv_prog_ac_ct_STRIP=strip
ac_cv_prog_cc_c89=
ac_cv_prog_cc_c99=
ac_cv_prog_cc_g=yes
ac_cv_prog_make_make_set=yes
am_cv_CC_dependencies_compiler_type=gcc3
am_cv_make_support_nested_variables=yes
am_cv_prog_cc_c_o=yes
am_cv_prog_tar_ustar=gnutar
lt_cv_apple_cc_single_mod=yes
lt_cv_ar_at_file=no
lt_cv_deplibs_check_method=pass_all
lt_cv_file_magic_cmd='$MAGIC_CMD'
lt_cv_file_magic_test_file=
lt_cv_ld_exported_symbols_list=yes
lt_cv_ld_force_load=yes
lt_cv_ld_reload_flag=-r
lt_cv_nm_interface='BSD nm'
lt_cv_objdir=.libs
lt_cv_path_LD=/Applications/Xcode.app/Contents/Developer/Toolchains/XcodeDefault.xctoolchain/usr/bin/ld
lt_cv_path_NM='/usr/bin/nm -B'
lt_cv_path_mainfest_tool=no
lt_cv_prog_compiler_c_o=yes
lt_cv_prog_compiler_pic='-fno-common -DPIC'
lt_cv_prog_compiler_pic_works=yes
lt_cv_prog_compiler_rtti_exceptions=yes
lt_cv_prog_compiler_static_works=no
lt_cv_prog_gnu_ld=no
lt_cv_sharedlib_from_linklib_cmd='printf %s\n'
lt_cv_sys_global_symbol_pipe='sed -n -e '\''s/^.*[	 ]\([BCDEGRST][BCDEGRST]*\)[	 ][	 ]*_\([_A-Za-z][_A-Za-z0-9]*\)$/\1 _\2 \2/p'\'' | sed '\''/ __gnu_lto/d'\'''
lt_cv_sys_global_symbol_to_c_name_address='sed -n -e '\''s/^: \([^ ]*\)[ ]*$/  {\"\1\", (void *) 0},/p'\'' -e '\''s/^[BCDEGRST]* \([^ ]*\) \([^ ]*\)$/  {"\2", (void *) \&\2},/p'\'''
lt_cv_sys_global_symbol_to_c_name_address_lib_prefix='sed -n -e '\''s/^: \([^ ]*\)[ ]*$/  {\"\1\", (void *) 0},/p'\'' -e '\''s/^[BCDEGRST]* \([^ ]*\) \(lib[^ ]*\)$/  {"\2", (void *) \&\2},/p'\'' -e '\''s/^[BCDEGRST]* \([^ ]*\) \([^ ]*\)$/  {"lib\2", (void *) \&\2},/p'\'''
lt_cv_sys_global_symbol_to_cdecl='sed -n -e '\''s/^T .* \(.*\)$/extern int \1();/p'\'' -e '\''s/^[BCDEGRST]* .* \(.*\)$/extern char \1;/p'\'''
lt_cv_sys_max_cmd_len=196608
lt_cv_to_host_file_cmd=func_convert_file_noop
lt_cv_to_tool_file_cmd=func_convert_file_noop

## ----------------- ##
## Output variables. ##
## ----------------- ##

ACLOCAL='${SHELL} /Users/purelightme/Desktop/c_projects/libmill-1.18/missing aclocal-1.14'
AMDEPBACKSLASH='\'
AMDEP_FALSE='#'
AMDEP_TRUE=''
AMTAR='$${TAR-tar}'
AM_BACKSLASH='\'
AM_DEFAULT_V='$(AM_DEFAULT_VERBOSITY)'
AM_DEFAULT_VERBOSITY='0'
AM_V='$(V)'
AR='ar'
AUTOCONF='${SHELL} /Users/purelightme/Desktop/c_projects/libmill-1.18/missing autoconf'
AUTOHEADER='${SHELL} /Users/purelightme/Desktop/c_projects/libmill-1.18/missing autoheader'
AUTOMAKE='${SHELL} /Users/purelightme/Desktop/c_projects/libmill-1.18/missing automake-1.14'
AWK='awk'
CC='gcc'
CCDEPMODE='depmode=gcc3'
CFLAGS='-g -O2'
CPP='gcc -E'
CPPFLAGS=''
CYGPATH_W='echo'
DEFS='-DPACKAGE_NAME=\"libmill\" -DPACKAGE_TARNAME=\"libmill\" -DPACKAGE_VERSION=\"1.18\" -DPACKAGE_STRING=\"libmill\ 1.18\" -DPACKAGE_BUGREPORT=\"libmill@freelists.org\" -DPACKAGE_URL=\"http://libmill.org/\" -DPACKAGE=\"libmill\" -DVERSION=\"1.18\" -DHAVE_POSIX_MEMALIGN=1 -DHAVE_MPROTECT=1 -DHAVE_CLOCK_GETTIME=1 -DMILL_NO_EPOLL=1 -DHAVE_KQUEUE=1 -DSTDC_HEADERS=1 -DHAVE_SYS_TYPES_H=1 -DHAVE_SYS_STAT_H=1 -DHAVE_STDLIB_H=1 -DHAVE_STRING_H=1 -DHAVE_MEMORY_H=1 -DHAVE_STRINGS_H=1 -DHAVE_INTTYPES_H=1 -DHAVE_STDINT_H=1 -DHAVE_UNISTD_H=1 -DHAVE_DLFCN_H=1 -DLT_OBJDIR=\".libs/\"'
DEPDIR='.deps'
DLLTOOL='false'
DSYMUTIL='dsymutil'
DUMPBIN=''
ECHO_C='\c'
ECHO_N=''
ECHO_T=''
EGREP='/usr/bin/grep -E'
EXEEXT=''
FGREP='/usr/bin/grep -F'
GREP='/usr/bin/grep'
INSTALL_DATA='${INSTALL} -m 644'
INSTALL_PROGRAM='${INSTALL}'
INSTALL_SCRIPT='${INSTALL}'
INSTALL_STRIP_PROGRAM='$(install_sh) -c -s'
LD='/Applications/Xcode.app/Contents/Developer/Toolchains/XcodeDefault.xctoolchain/usr/bin/ld'
LDFLAGS=''
LIBOBJS=''
LIBS=''
LIBTOOL='$(SHELL) $(top_builddir)/libtool'
LIPO='lipo'
LN_S='ln -s'
LTLIBOBJS=''
MAKEINFO='${SHELL} /Users/purelightme/Desktop/c_projects/libmill-1.18/missing makeinfo'
MANIFEST_TOOL=':'
MILL_ABI_VERSION='19.1.1'
MILL_LIBTOOL_VERSION='19:1:1'
MILL_PACKAGE_VERSION='1.18'
MKDIR_P='./install-sh -c -d'
NM='/usr/bin/nm -B'
NMEDIT='nmedit'
OBJDUMP='objdump'
OBJEXT='o'
OTOOL64=':'
OTOOL='otool'
PACKAGE='libmill'
PACKAGE_BUGREPORT='libmill@freelists.org'
PACKAGE_NAME='libmill'
PACKAGE_STRING='libmill 1.18'
PACKAGE_TARNAME='libmill'
PACKAGE_URL='http://libmill.org/'
PACKAGE_VERSION='1.18'
PATH_SEPARATOR=':'
RANLIB='ranlib'
SED='/usr/bin/sed'
SET_MAKE=''
SHELL='/bin/sh'
STRIP='strip'
VERSION='1.18'
ac_ct_AR='ar'
ac_ct_CC='gcc'
ac_ct_DUMPBIN=''
am__EXEEXT_FALSE=''
am__EXEEXT_TRUE='#'
am__fastdepCC_FALSE='#'
am__fastdepCC_TRUE=''
am__include='include'
am__isrc=''
am__leading_dot='.'
am__nodep='_no'
am__quote=''
am__tar='tar --format=ustar -chf - "$$tardir"'
am__untar='tar -xf -'
bindir='${exec_prefix}/bin'
build='x86_64-apple-darwin19.3.0'
build_alias=''
build_cpu='x86_64'
build_os='darwin19.3.0'
build_vendor='apple'
datadir='${datarootdir}'
datarootdir='${prefix}/share'
docdir='${datarootdir}/doc/${PACKAGE_TARNAME}'
dvidir='${docdir}'
exec_prefix='${prefix}'
host='x86_64-apple-darwin19.3.0'
host_alias=''
host_cpu='x86_64'
host_os='darwin19.3.0'
host_vendor='apple'
htmldir='${docdir}'
includedir='${prefix}/include'
infodir='${datarootdir}/info'
install_sh='${SHELL} /Users/purelightme/Desktop/c_projects/libmill-1.18/install-sh'
libdir='${exec_prefix}/lib'
libexecdir='${exec_prefix}/libexec'
localedir='${datarootdir}/locale'
localstatedir='${prefix}/var'
mandir='${datarootdir}/man'
mkdir_p='$(MKDIR_P)'
oldincludedir='/usr/include'
pdfdir='${docdir}'
prefix='/usr/local'
program_transform_name='s,x,x,'
psdir='${docdir}'
sbindir='${exec_prefix}/sbin'
sharedstatedir='${prefix}/com'
sysconfdir='${prefix}/etc'
target_alias=''

## ----------- ##
## confdefs.h. ##
## ----------- ##

/* confdefs.h */
#define PACKAGE_NAME "libmill"
#define PACKAGE_TARNAME "libmill"
#define PACKAGE_VERSION "1.18"
#define PACKAGE_STRING "libmill 1.18"
#define PACKAGE_BUGREPORT "libmill@freelists.org"
#define PACKAGE_URL "http://libmill.org/"
#define PACKAGE "libmill"
#define VERSION "1.18"
#define HAVE_POSIX_MEMALIGN 1
#define HAVE_MPROTECT 1
#define HAVE_CLOCK_GETTIME 1
#define MILL_NO_EPOLL 1
#define HAVE_KQUEUE 1
#define STDC_HEADERS 1
#define HAVE_SYS_TYPES_H 1
#define HAVE_SYS_STAT_H 1
#define HAVE_STDLIB_H 1
#define HAVE_STRING_H 1
#define HAVE_MEMORY_H 1
#define HAVE_STRINGS_H 1
#define HAVE_INTTYPES_H 1
#define HAVE_STDINT_H 1
#define HAVE_UNISTD_H 1
#define HAVE_DLFCN_H 1
#define LT_OBJDIR ".libs/"

configure: exit 0
